{
  "stats": {
    "suites": 1,
    "tests": 7,
    "passes": 7,
    "pending": 0,
    "failures": 0,
    "start": "2022-10-11T18:13:22.371Z",
    "end": "2022-10-11T18:13:22.713Z",
    "duration": 342,
    "testsRegistered": 7,
    "passPercent": 100,
    "pendingPercent": 0,
    "other": 0,
    "hasOther": false,
    "skipped": 0,
    "hasSkipped": false
  },
  "results": [
    {
      "uuid": "e492aaf2-f832-4ee1-8cb8-18b09b7f2b69",
      "title": "",
      "fullFile": "D:\\Automation Program Global - Advanced\\Homework 5 - API testing, mocking\\api-project\\test.spec.js",
      "file": "\\test.spec.js",
      "beforeHooks": [],
      "afterHooks": [],
      "tests": [],
      "suites": [
        {
          "uuid": "78e1959e-1c0c-4343-a750-20e4b004dac9",
          "title": "API tests in ReportPortal",
          "fullFile": "D:\\Automation Program Global - Advanced\\Homework 5 - API testing, mocking\\api-project\\test.spec.js",
          "file": "\\test.spec.js",
          "beforeHooks": [],
          "afterHooks": [],
          "tests": [
            {
              "title": "API test - get token",
              "fullTitle": "API tests in ReportPortal API test - get token",
              "timedOut": false,
              "duration": 162,
              "state": "passed",
              "speed": "slow",
              "pass": true,
              "fail": false,
              "pending": false,
              "context": null,
              "code": "const authToken = await getToken(\"post\", dataToken);\nauthorizationToken = authToken.data.access_token;\nexpect(authToken.status).to.equal(200);",
              "err": {},
              "uuid": "3d6b7f21-2f41-4940-b7a6-6afde4ede96c",
              "parentUUID": "78e1959e-1c0c-4343-a750-20e4b004dac9",
              "isHook": false,
              "skipped": false
            },
            {
              "title": "API tests - create the widget",
              "fullTitle": "API tests in ReportPortal API tests - create the widget",
              "timedOut": false,
              "duration": 35,
              "state": "passed",
              "speed": "fast",
              "pass": true,
              "fail": false,
              "pending": false,
              "context": null,
              "code": "const createWidget = await sendingRequest(\"post\", \"superadmin_personal/widget\", data, `${authorizationToken}`);\ncreatedWidgetId = createWidget.data.id;\nexpect(createWidget.status).to.equal(201);",
              "err": {},
              "uuid": "9a84904e-2f2c-4ec2-9bfd-ff3c06b695f8",
              "parentUUID": "78e1959e-1c0c-4343-a750-20e4b004dac9",
              "isHook": false,
              "skipped": false
            },
            {
              "title": "API tests - update the widget",
              "fullTitle": "API tests in ReportPortal API tests - update the widget",
              "timedOut": false,
              "duration": 23,
              "state": "passed",
              "speed": "fast",
              "pass": true,
              "fail": false,
              "pending": false,
              "context": null,
              "code": "const updateWidget = await sendingRequest(\"put\", `superadmin_personal/widget/${createdWidgetId}`, updateWidgetData, `${authorizationToken}`);\nexpect(updateWidget.status).to.equal(200);",
              "err": {},
              "uuid": "3c885118-3d1a-4b3c-a515-54297f9aa06b",
              "parentUUID": "78e1959e-1c0c-4343-a750-20e4b004dac9",
              "isHook": false,
              "skipped": false
            },
            {
              "title": "API tests - delete the widget",
              "fullTitle": "API tests in ReportPortal API tests - delete the widget",
              "timedOut": false,
              "duration": 60,
              "state": "passed",
              "speed": "medium",
              "pass": true,
              "fail": false,
              "pending": false,
              "context": null,
              "code": "const deleteWidget = await sendingRequest(\"delete\", `superadmin_personal/dashboard/58/${createdWidgetId}`, null, `${authorizationToken}`);\nexpect(deleteWidget.status).to.equal(200);",
              "err": {},
              "uuid": "356bcc9d-5e26-4888-b8ab-5fa5d8c3bbe3",
              "parentUUID": "78e1959e-1c0c-4343-a750-20e4b004dac9",
              "isHook": false,
              "skipped": false
            },
            {
              "title": "API tests - create the dashboard",
              "fullTitle": "API tests in ReportPortal API tests - create the dashboard",
              "timedOut": false,
              "duration": 18,
              "state": "passed",
              "speed": "fast",
              "pass": true,
              "fail": false,
              "pending": false,
              "context": null,
              "code": "const createDashboard = await sendingRequest(\"post\", 'SUPERADMIN_PERSONAL/dashboard', dashboardData, `${authorizationToken}`);\ndashboardId = createDashboard.data.id;\nexpect(createDashboard.status).to.equal(201);",
              "err": {},
              "uuid": "aa00d9ae-b490-4f6c-bcca-67b44d55d400",
              "parentUUID": "78e1959e-1c0c-4343-a750-20e4b004dac9",
              "isHook": false,
              "skipped": false
            },
            {
              "title": "API tests - update the dashboard",
              "fullTitle": "API tests in ReportPortal API tests - update the dashboard",
              "timedOut": false,
              "duration": 15,
              "state": "passed",
              "speed": "fast",
              "pass": true,
              "fail": false,
              "pending": false,
              "context": null,
              "code": "const updateDashboard = await sendingRequest(\"put\", `SUPERADMIN_PERSONAL/dashboard/${dashboardId}`, updateDashboardData, `${authorizationToken}`);\nexpect(updateDashboard.status).to.equal(200);",
              "err": {},
              "uuid": "adf9e117-2a2b-43c8-b33c-60b262a5d10f",
              "parentUUID": "78e1959e-1c0c-4343-a750-20e4b004dac9",
              "isHook": false,
              "skipped": false
            },
            {
              "title": "API tests - delete the dashboard",
              "fullTitle": "API tests in ReportPortal API tests - delete the dashboard",
              "timedOut": false,
              "duration": 15,
              "state": "passed",
              "speed": "fast",
              "pass": true,
              "fail": false,
              "pending": false,
              "context": null,
              "code": "const updateDashboard = await sendingRequest(\"delete\", `SUPERADMIN_PERSONAL/dashboard/${dashboardId}`, null, `${authorizationToken}`);\nexpect(updateDashboard.status).to.equal(200);",
              "err": {},
              "uuid": "d27ec691-981e-44ae-bcea-115ec30eca3c",
              "parentUUID": "78e1959e-1c0c-4343-a750-20e4b004dac9",
              "isHook": false,
              "skipped": false
            }
          ],
          "suites": [],
          "passes": [
            "3d6b7f21-2f41-4940-b7a6-6afde4ede96c",
            "9a84904e-2f2c-4ec2-9bfd-ff3c06b695f8",
            "3c885118-3d1a-4b3c-a515-54297f9aa06b",
            "356bcc9d-5e26-4888-b8ab-5fa5d8c3bbe3",
            "aa00d9ae-b490-4f6c-bcca-67b44d55d400",
            "adf9e117-2a2b-43c8-b33c-60b262a5d10f",
            "d27ec691-981e-44ae-bcea-115ec30eca3c"
          ],
          "failures": [],
          "pending": [],
          "skipped": [],
          "duration": 328,
          "root": false,
          "rootEmpty": false,
          "_timeout": 2000
        }
      ],
      "passes": [],
      "failures": [],
      "pending": [],
      "skipped": [],
      "duration": 0,
      "root": true,
      "rootEmpty": true,
      "_timeout": 2000
    }
  ],
  "meta": {
    "mocha": {
      "version": "10.0.0"
    },
    "mochawesome": {
      "options": {
        "quiet": false,
        "reportFilename": "mochawesome",
        "saveHtml": true,
        "saveJson": true,
        "consoleReporter": "spec",
        "useInlineDiffs": false,
        "code": true
      },
      "version": "7.1.3"
    },
    "marge": {
      "options": null,
      "version": "6.2.0"
    }
  }
}